build/app/outputs/mapping/release/seeds.txt
com.example.bjp_pdf.MainActivity
com.example.bjp_pdf.MainActivity: MainActivity()
...
com.google.android.exoplayer2.video.VideoDecoderOutputBuffer: int colorspace
org.chromium.support_lib_boundary.SafeBrowsingResponseBoundaryInterface: void showInterstitial(boolean)
androidx.fragment.app.Fragment$2
androidx.lifecycle.Lifecycle$State: androidx.lifecycle.Lifecycle$State[] values()
com.google.android.exoplayer2.decoder.OutputBuffer: long timeUs
org.chromium.support_lib_boundary.WebViewProviderBoundaryInterface: java.lang.reflect.InvocationHandler[] createWebMessageChannel()
org.chromium.support_lib_boundary.ServiceWorkerWebSettingsBoundaryInterface: int getCacheMode()
androidx.lifecycle.Lifecycle$State: androidx.lifecycle.Lifecycle$State valueOf(java.lang.String)
io.flutter.embedding.android.FlutterSplashView$SavedState: java.lang.String previousCompletedSplashIsolate
io.flutter.embedding.android.FlutterView: io.flutter.embedding.engine.FlutterEngine getAttachedFlutterEngine()
io.flutter.plugin.platform.SingleViewPresentation: io.flutter.plugin.platform.SingleViewPresentation$PresentationState state
androidx.media.AudioAttributesCompatParcelizer: void write(androidx.media.AudioAttributesCompat,androidx.versionedparcelable.VersionedParcel)
io.flutter.view.AccessibilityViewEmbedder: android.view.View rootAccessibilityView
io.flutter.embedding.android.FlutterImageView: io.flutter.embedding.engine.renderer.FlutterRenderer getAttachedRenderer()
io.flutter.embedding.android.FlutterImageView
io.flutter.plugin.editing.ImeSyncDeferringInsetsCallback$AnimationCallback: void onPrepare(android.view.WindowInsetsAnimation)
io.flutter.embedding.engine.FlutterOverlaySurface: int id
io.flutter.view.AccessibilityViewEmbedder: java.util.Map originToFlutterId
io.flutter.embedding.android.FlutterView$ZeroSides: io.flutter.embedding.android.FlutterView$ZeroSides[] values()
io.flutter.embedding.engine.FlutterJNI: void onEndFrame()
com.google.android.exoplayer2.metadata.icy.IcyInfo: android.os.Parcelable$Creator CREATOR
io.flutter.embedding.android.FlutterSplashView$SavedState: java.lang.String access$602(io.flutter.embedding.android.FlutterSplashView$SavedState,java.lang.String)
io.flutter.embedding.engine.FlutterJNI: void invokePlatformMessageResponseCallback(int,java.nio.ByteBuffer,int)
com.google.android.exoplayer2.metadata.id3.BinaryFrame: android.os.Parcelable$Creator CREATOR
io.flutter.plugin.editing.ImeSyncDeferringInsetsCallback: int overlayInsetTypes
com.google.android.exoplayer2.metadata.id3.ChapterTocFrame: android.os.Parcelable$Creator CREATOR
androidx.versionedparcelable.CustomVersionedParcelable: CustomVersionedParcelable()
io.flutter.embedding.android.FlutterActivity: FlutterActivity()
io.flutter.embedding.engine.FlutterJNI: void updateCustomAccessibilityActions(java.nio.ByteBuffer,java.lang.String[])
io.flutter.embedding.engine.FlutterJNI: android.os.Looper mainLooper
androidx.versionedparcelable.ParcelImpl: android.os.Parcelable$Creator CREATOR
io.flutter.embedding.engine.plugins.lifecycle.HiddenLifecycleReference: HiddenLifecycleReference(androidx.lifecycle.Lifecycle)
com.google.android.exoplayer2.video.VideoDecoderOutputBuffer: int COLORSPACE_BT601
io.flutter.embedding.engine.FlutterJNI: boolean getIsSoftwareRenderingEnabled()
io.flutter.embedding.engine.FlutterJNI: java.util.Set flutterUiDisplayListeners
io.flutter.embedding.engine.FlutterJNI: void destroyOverlaySurfaces()
io.flutter.embedding.engine.FlutterJNI: void nativeUnregisterTexture(long,long)
android.support.v4.media.session.PlaybackStateCompat$CustomAction: android.os.Parcelable$Creator CREATOR
io.flutter.view.AccessibilityBridge$Action: io.flutter.view.AccessibilityBridge$Action[] values()
androidx.lifecycle.Lifecycling$1
io.flutter.embedding.android.FlutterSplashView$SavedState: FlutterSplashView$SavedState(android.os.Parcel)
io.flutter.embedding.android.FlutterSplashView$SavedState: android.os.Parcelable$Creator CREATOR