build/app/outputs/mapping/release/mapping.txt
# compiler: R8
# compiler_version: 2.1.62
# min_api: 21
# pg_map_id: 38ac911
# common_typos_disable
...
com.google.android.exoplayer2.upstream.DataSpec -> com.google.android.exoplayer2.upstream.p:
    java.lang.Object customData -> j
    java.lang.String key -> h
    long position -> f
    long length -> g
    int flags -> i
    long uriPositionOffset -> b
    byte[] httpBody -> d
    java.util.Map httpRequestHeaders -> e
    int httpMethod -> c
    android.net.Uri uri -> a
    com.google.android.exoplayer2.upstream.DataSpec$Builder buildUpon() -> a
    java.lang.String getHttpMethodString() -> b
    java.lang.String getStringForHttpMethod(int) -> c
    boolean isFlagSet(int) -> d
    com.google.android.exoplayer2.upstream.DataSpec subrange(long) -> e
    com.google.android.exoplayer2.upstream.DataSpec subrange(long,long) -> f
com.google.android.exoplayer2.upstream.DataSpec$1 -> com.google.android.exoplayer2.upstream.p$a:
com.google.android.exoplayer2.upstream.DataSpec$Builder -> com.google.android.exoplayer2.upstream.p$b:
    java.lang.Object customData -> j
    java.lang.String key -> h
    long position -> f
    long length -> g
    int flags -> i
    long uriPositionOffset -> b
    byte[] httpBody -> d
    java.util.Map httpRequestHeaders -> e
    int httpMethod -> c
    android.net.Uri uri -> a
    com.google.android.exoplayer2.upstream.DataSpec build() -> a
    com.google.android.exoplayer2.upstream.DataSpec$Builder setFlags(int) -> b
    com.google.android.exoplayer2.upstream.DataSpec$Builder setHttpBody(byte[]) -> c
    com.google.android.exoplayer2.upstream.DataSpec$Builder setHttpMethod(int) -> d
    com.google.android.exoplayer2.upstream.DataSpec$Builder setHttpRequestHeaders(java.util.Map) -> e
    com.google.android.exoplayer2.upstream.DataSpec$Builder setKey(java.lang.String) -> f
    com.google.android.exoplayer2.upstream.DataSpec$Builder setLength(long) -> g
    com.google.android.exoplayer2.upstream.DataSpec$Builder setPosition(long) -> h
    com.google.android.exoplayer2.upstream.DataSpec$Builder setUri(android.net.Uri) -> i
    com.google.android.exoplayer2.upstream.DataSpec$Builder setUri(java.lang.String) -> j
com.google.android.exoplayer2.upstream.DefaultAllocator -> com.google.android.exoplayer2.upstream.q:
    int allocatedCount -> f
    int availableCount -> g
    int targetBufferSize -> e
    com.google.android.exoplayer2.upstream.Allocation[] availableAllocations -> h
    boolean trimOnReset -> a
    int individualAllocationSize -> b
    byte[] initialAllocationBlock -> c
    com.google.android.exoplayer2.upstream.Allocation[] singleAllocationReleaseHolder -> d
    void release(com.google.android.exoplayer2.upstream.Allocation) -> a
    void trim() -> b
    void release(com.google.android.exoplayer2.upstream.Allocation[]) -> c
    com.google.android.exoplayer2.upstream.Allocation allocate() -> d
    int getIndividualAllocationLength() -> e
    int getTotalBytesAllocated() -> f
    void reset() -> g
    void setTargetBufferSize(int) -> h