build/app/outputs/mapping/release/usage.txt
com.example.bjp_pdf.R$layout
com.example.bjp_pdf.R
com.example.bjp_pdf.R$xml
com.example.bjp_pdf.R$integer
com.example.bjp_pdf.R$attr
com.example.bjp_pdf.R$id
com.example.bjp_pdf.R$color
com.example.bjp_pdf.R$string
com.example.bjp_pdf.R$mipmap
com.example.bjp_pdf.BuildConfig
com.example.bjp_pdf.R$style
com.example.bjp_pdf.R$styleable
com.example.bjp_pdf.R$dimen
com.example.bjp_pdf.R$drawable
...
com.google.android.exoplayer2.text.ttml.TtmlSubtitle:
    com.google.android.exoplayer2.text.ttml.TtmlNode getRoot()
    java.util.Map getGlobalStyles()
androidx.versionedparcelable.VersionedParcelStream
com.google.android.exoplayer2.offline.DefaultDownloadIndex
androidx.core.view.inputmethod.EditorInfoCompat
com.google.common.collect.Collections2$OrderedPermutationIterator
io.flutter.plugins.sharedpreferences.R$attr
kotlin.text.Regex$fromInt$$inlined$apply$lambda$1
kotlin.jvm.internal.PropertyReference0Impl
com.google.common.util.concurrent.AggregateFutureState$AtomicHelper
com.google.common.base.Predicates$IsEqualToPredicate
com.google.common.collect.LinkedListMultimap$NodeIterator
com.google.common.util.concurrent.AbstractExecutionThreadService$1$2
androidx.asynclayoutinflater.view.AsyncLayoutInflater$OnInflateFinishedListener
com.google.common.io.BaseEncoding$Alphabet
com.google.common.collect.Maps$FilteredEntryNavigableMap
com.google.common.reflect.Types$JavaVersion$2
com.google.common.cache.CacheLoader$UnsupportedLoadingOperationException
kotlin.Result$Failure
com.google.common.util.concurrent.FuturesGetChecked$GetCheckedTypeValidator
kotlin.jvm.internal.CallableReference$NoReceiver
androidx.viewpager.widget.ViewPager$4
kotlin.collections.AbstractSet
kotlin.time.Clock
com.google.android.exoplayer2.video.spherical.ProjectionDecoder
com.google.common.cache.LocalCache$WeakValueReference
com.google.common.collect.Iterables$3
com.google.common.collect.StandardTable$TableSet
com.google.common.graph.AbstractBaseGraph
com.google.common.io.Files$FilePredicate$2
org.codehaus.mojo.animal_sniffer.IgnoreJRERequirement
androidx.core.view.KeyEventDispatcher$Component
com.google.common.util.concurrent.AbstractScheduledService$Scheduler$2
kotlin.NumbersKt
android.support.v4.media.MediaDescriptionCompatApi21:
    private void <init>()
com.google.common.collect.ConcurrentHashMultiset$3
com.google.common.util.concurrent.AbstractService$5
com.google.common.collect.Multisets$ImmutableEntry
org.intellij.lang.annotations.JdkConstants$InputEventMask
com.google.common.graph.Graphs
kotlin.annotation.AnnotationTarget
com.google.common.collect.TreeBasedTable$Factory
com.google.common.reflect.Types$ClassOwnership
com.google.android.exoplayer2.source.ClippingMediaPeriod:
    public void updateClipping(long,long)
com.google.common.base.CaseFormat$1
com.google.common.collect.DenseImmutableTable
android.support.v4.media.session.MediaSessionCompat$Token:
    void <init>(java.lang.Object,android.support.v4.media.session.IMediaSession)
    public static android.support.v4.media.session.MediaSessionCompat$Token fromToken(java.lang.Object)
    public static android.support.v4.media.session.MediaSessionCompat$Token fromToken(java.lang.Object,android.support.v4.media.session.IMediaSession)
    public static android.support.v4.media.session.MediaSessionCompat$Token fromBundle(android.os.Bundle)
    public java.lang.Object getToken()
    public android.os.Bundle getSessionToken2Bundle()
    public android.os.Bundle toBundle()
com.google.common.graph.Traverser$1
com.google.android.exoplayer2.source.hls.HlsSampleStreamWrapper:
    public int getPrimaryTrackGroupIndex()
    private static final java.lang.String TAG
    public static final int SAMPLE_QUEUE_INDEX_PENDING
    public static final int SAMPLE_QUEUE_INDEX_NO_MAPPING_FATAL
    public static final int SAMPLE_QUEUE_INDEX_NO_MAPPING_NON_FATAL
androidx.media.MediaBrowserProtocol
com.google.common.util.concurrent.package-info
com.google.android.exoplayer2.text.Cue$AnchorType
androidx.core.provider.FontsContractCompat$FontInfo
com.google.common.collect.MinMaxPriorityQueue
androidx.swiperefreshlayout.widget.SwipeRefreshLayout$OnRefreshListener
com.google.common.util.concurrent.Atomics
kotlin.ResultKt